<?xml version="1.0" encoding="UTF-8"?>
<!-- Generated by org.testng.reporters.JUnitXMLReporter -->
<testsuite hostname="DESKTOP-5OUP2NH" ignored="0" name="MoneyAppTesting" tests="2" failures="1" timestamp="28 Jul 2019 16:34:29 GMT" time="44.741" errors="0">
  <testcase name="runLoginTestCases" time="2.507" classname="MoneyAppTests.LoginTest"/>
  <testcase name="runLoginTestCases" time="20.709" classname="MoneyAppTests.LoginTest">
    <failure type="java.lang.AssertionError" message="null">
        <![CDATA[java.lang.AssertionError: null
at MoneyAppTests.LoginTest.runLoginTestCases(LoginTest.java:60)
... Removed 26 stack frames]]>
    </failure>
  </testcase> <!-- runLoginTestCases -->
</testsuite> <!-- MoneyAppTesting -->
