<?xml version="1.0" encoding="UTF-8"?>
<!-- Generated by org.testng.reporters.JUnitXMLReporter -->
<testsuite hostname="DESKTOP-5OUP2NH" ignored="0" name="002_config" tests="2" failures="1" timestamp="12 Jun 2019 18:48:23 GMT" time="37.888" errors="0">
  <testcase name="runCustomTransactionNameTestCases" time="12.993" classname="MoneyAppTests.ConfigTest">
    <failure type="java.lang.AssertionError" message="timeoutException">
        <![CDATA[java.lang.AssertionError: timeoutException
at pages.ConfigPage.CreateNewCustomTransaction(Config.java:65)
at MoneyAppTests.ConfigTest.runCustomTransactionNameTestCases(ConfigDriver.java:70)
at java.util.concurrent.FutureTask.run(FutureTask.java:266)
at java.util.concurrent.ThreadPoolExecutor.runWorker(ThreadPoolExecutor.java:1149)
at java.util.concurrent.ThreadPoolExecutor$Worker.run(ThreadPoolExecutor.java:624)
at java.lang.Thread.run(Thread.java:748)
Caused by: org.openqa.selenium.TimeoutException: Expected condition failed: waiting for text ('successfully captured new transaction name') to be present in element [[FirefoxDriver: firefox on XP (4671d6e5-b97e-41fc-b187-b6b6bc5d2dbb)] -> id: lbl_message] (tried for 10 second(s) with 500 milliseconds interval)
Build info: version: '3.141.59', revision: 'e82be7d358', time: '2018-11-14T08:17:03'
System info: host: 'DESKTOP-5OUP2NH', ip: '192.168.0.168', os.name: 'Windows 10', os.arch: 'amd64', os.version: '10.0', java.version: '1.8.0_201'
Driver info: org.openqa.selenium.firefox.FirefoxDriver
Capabilities {acceptInsecureCerts: true, browserName: firefox, browserVersion: 57.0, javascriptEnabled: true, moz:accessibilityChecks: false, moz:geckodriverVersion: 0.24.0, moz:headless: false, moz:processID: 9500, moz:profile: C:\Users\Lenovo\AppData\Loc..., moz:webdriverClick: false, pageLoadStrategy: normal, platform: XP, platformName: XP, platformVersion: 10.0, rotatable: false, timeouts: {implicit: 0, pageLoad: 300000, script: 30000}}
Session ID: 4671d6e5-b97e-41fc-b187-b6b6bc5d2dbb
... 22 more
... Removed 17 stack frames]]>
    </failure>
  </testcase> <!-- runCustomTransactionNameTestCases -->
  <testcase name="runCustomTransactionNameTestCases" time="3.643" classname="MoneyAppTests.ConfigTest"/>
</testsuite> <!-- 002_config -->
