<?xml version="1.0" encoding="UTF-8"?>
<!-- Generated by org.testng.reporters.JUnitXMLReporter -->
<testsuite hostname="DESKTOP-5OUP2NH" ignored="0" name="003_budget(failed)" tests="1" failures="1" timestamp="12 Jun 2019 18:26:34 GMT" time="31.087" errors="0">
  <testcase name="runBudgetTestCases" time="16.232" classname="MoneyAppTests.BudgetTest">
    <failure type="java.lang.AssertionError" message="timeoutException">
        <![CDATA[java.lang.AssertionError: timeoutException
at pages.BudgetPage.addNewBudgetItem(Budget.java:86)
at MoneyAppTests.BudgetTest.runBudgetTestCases(BudgetDriver.java:61)
at java.util.concurrent.FutureTask.run(FutureTask.java:266)
at java.util.concurrent.ThreadPoolExecutor.runWorker(ThreadPoolExecutor.java:1149)
at java.util.concurrent.ThreadPoolExecutor$Worker.run(ThreadPoolExecutor.java:624)
at java.lang.Thread.run(Thread.java:748)
Caused by: org.openqa.selenium.TimeoutException: Expected condition failed: waiting for text ('successfully captured new budget item') to be present in element [[FirefoxDriver: firefox on XP (032f2853-2aca-4d88-aa52-6ca2d82b69e0)] -> id: lbl_message] (tried for 10 second(s) with 500 milliseconds interval)
Build info: version: '3.141.59', revision: 'e82be7d358', time: '2018-11-14T08:17:03'
System info: host: 'DESKTOP-5OUP2NH', ip: '192.168.0.168', os.name: 'Windows 10', os.arch: 'amd64', os.version: '10.0', java.version: '1.8.0_201'
Driver info: org.openqa.selenium.firefox.FirefoxDriver
Capabilities {acceptInsecureCerts: true, browserName: firefox, browserVersion: 57.0, javascriptEnabled: true, moz:accessibilityChecks: false, moz:geckodriverVersion: 0.24.0, moz:headless: false, moz:processID: 7868, moz:profile: C:\Users\Lenovo\AppData\Loc..., moz:webdriverClick: false, pageLoadStrategy: normal, platform: XP, platformName: XP, platformVersion: 10.0, rotatable: false, timeouts: {implicit: 0, pageLoad: 300000, script: 30000}}
Session ID: 032f2853-2aca-4d88-aa52-6ca2d82b69e0
at org.openqa.selenium.support.ui.WebDriverWait.timeoutException(WebDriverWait.java:95)
at org.openqa.selenium.support.ui.FluentWait.until(FluentWait.java:272)
at pages.BudgetPage.addNewBudgetItem(Budget.java:84)
... 21 more
... Removed 17 stack frames]]>
    </failure>
  </testcase> <!-- runBudgetTestCases -->
</testsuite> <!-- 003_budget(failed) -->
